<?xml version="1.0" encoding="UTF-8"?>
<!-- Generated by org.testng.reporters.JUnitXMLReporter -->
<testsuite hostname="DESKTOP-F2AI0QF" ignored="0" name="Test" tests="4" failures="0" timestamp="13 Oct 2021 12:26:06 GMT" time="9.444" errors="0">
  <testcase name="invalidLoginTest" time="0.016" classname="logintest.AppTest"/>
  <testcase name="validLoginTest" time="0.0" classname="logintest.AppTest"/>
  <testcase name="intComparision" time="0.002" classname="logintest.NumberComparision"/>
  <testcase name="titleTest" time="2.799" classname="logintest.SeleniumDev"/>
</testsuite> <!-- Test -->
