<?xml version="1.0" encoding="UTF-8"?>
<!-- Generated by org.testng.reporters.JUnitXMLReporter -->
<testsuite hostname="DESKTOP-F2AI0QF" ignored="0" name="Test" tests="4" failures="0" timestamp="13 Oct 2021 09:30:39 GMT" time="8.542" errors="0">
  <testcase name="invalidLoginTest" time="0.018" classname="logintest.AppTest"/>
  <testcase name="validLoginTest" time="0.0" classname="logintest.AppTest"/>
  <testcase name="intComparision" time="0.001" classname="logintest.NumberComparision"/>
  <testcase name="titleTest" time="2.68" classname="logintest.SeleniumDev"/>
</testsuite> <!-- Test -->
