<?xml version="1.0" encoding="UTF-8"?>
<testng-results skipped="0" failed="0" ignored="0" total="1" passed="1">
  <reporter-output>
  </reporter-output>
  <suite name="Default suite" duration-ms="9910" started-at="2021-10-13T09:28:04Z" finished-at="2021-10-13T09:28:14Z">
    <groups>
    </groups>
    <test name="Default test" duration-ms="9910" started-at="2021-10-13T09:28:04Z" finished-at="2021-10-13T09:28:14Z">
      <class name="logintest.SeleniumDev">
        <test-method status="PASS" signature="setUpBeforeClass()[pri:0, instance:logintest.SeleniumDev@222114ba]" name="setUpBeforeClass" is-config="true" duration-ms="3193" started-at="2021-10-13T14:58:04Z" finished-at="2021-10-13T14:58:08Z">
          <reporter-output>
          </reporter-output>
        </test-method> <!-- setUpBeforeClass -->
        <test-method status="PASS" signature="titleTest()[pri:0, instance:logintest.SeleniumDev@222114ba]" name="titleTest" duration-ms="2736" started-at="2021-10-13T14:58:08Z" finished-at="2021-10-13T14:58:10Z">
          <reporter-output>
          </reporter-output>
        </test-method> <!-- titleTest -->
        <test-method status="PASS" signature="tearDownAfterClass()[pri:0, instance:logintest.SeleniumDev@222114ba]" name="tearDownAfterClass" is-config="true" duration-ms="3950" started-at="2021-10-13T14:58:10Z" finished-at="2021-10-13T14:58:14Z">
          <reporter-output>
          </reporter-output>
        </test-method> <!-- tearDownAfterClass -->
      </class> <!-- logintest.SeleniumDev -->
    </test> <!-- Default test -->
  </suite> <!-- Default suite -->
</testng-results>
